#
# There is insufficient memory for the Java Runtime Environment to continue.
# Native memory allocation (malloc) failed to allocate 32744 bytes for ChunkPool::allocate
# Possible reasons:
#   The system is out of physical RAM or swap space
#   The process is running with CompressedOops enabled, and the Java Heap may be blocking the growth of the native heap
# Possible solutions:
#   Reduce memory load on the system
#   Increase physical memory or swap space
#   Check if swap backing store is full
#   Decrease Java heap size (-Xmx/-Xms)
#   Decrease number of Java threads
#   Decrease Java thread stack sizes (-Xss)
#   Set larger code cache with -XX:ReservedCodeCacheSize=
#   JVM is running with Zero Based Compressed Oops mode in which the Java heap is
#     placed in the first 32GB address space. The Java Heap base address is the
#     maximum limit for the native heap growth. Please use -XX:HeapBaseMinAddress
#     to set the Java Heap base and to place the Java Heap above 32GB virtual address.
# This output file may be truncated or incomplete.
#
#  Out of Memory Error (allocation.cpp:273), pid=21080, tid=0x0000000000002150
#
# JRE version: Java(TM) SE Runtime Environment (8.0_201-b09) (build 1.8.0_201-b09)
# Java VM: Java HotSpot(TM) 64-Bit Server VM (25.201-b09 mixed mode windows-amd64 compressed oops)
# Failed to write core dump. Minidumps are not enabled by default on client versions of Windows
#

---------------  T H R E A D  ---------------

Current thread (0x0000000022620800):  JavaThread "C1 CompilerThread2" daemon [_thread_in_native, id=8528, stack(0x00000000229e0000,0x0000000022ae0000)]

Stack: [0x00000000229e0000,0x0000000022ae0000]
[error occurred during error reporting (printing stack bounds), id 0xc0000005]

Native frames: (J=compiled Java code, j=interpreted, Vv=VM code, C=native code)


Current CompileTask:
C1:   7061 3793   !   1       sun.misc.ProxyGenerator::generateClassFile (680 bytes)


---------------  P R O C E S S  ---------------

Java Threads: ( => current thread )
  0x0000000024da6000 JavaThread "HikariPool-1 connection adder" daemon [_thread_blocked, id=19012, stack(0x0000000026a30000,0x0000000026b30000)]
  0x0000000024da3000 JavaThread "HikariPool-1 housekeeper" daemon [_thread_blocked, id=2872, stack(0x0000000026930000,0x0000000026a30000)]
  0x000000002508d000 JavaThread "mysql-cj-abandoned-connection-cleanup" daemon [_thread_blocked, id=12616, stack(0x0000000026530000,0x0000000026630000)]
  0x000000002504f800 JavaThread "container-0" [_thread_blocked, id=10832, stack(0x0000000026430000,0x0000000026530000)]
  0x000000002504f000 JavaThread "Catalina-utility-2" [_thread_blocked, id=15564, stack(0x0000000026330000,0x0000000026430000)]
  0x000000002504c800 JavaThread "Catalina-utility-1" [_thread_blocked, id=15208, stack(0x0000000024460000,0x0000000024560000)]
  0x0000000023122800 JavaThread "RMI Scheduler(0)" daemon [_thread_blocked, id=14500, stack(0x0000000024160000,0x0000000024260000)]
  0x0000000023104800 JavaThread "RMI TCP Connection(1)-192.168.1.47" daemon [_thread_in_native, id=17272, stack(0x0000000023e60000,0x0000000023f60000)]
  0x00000000230da800 JavaThread "restartedMain" [_thread_in_native, id=12444, stack(0x0000000023d60000,0x0000000023e60000)]
  0x00000000230c6800 JavaThread "Thread-1" [_thread_blocked, id=18356, stack(0x0000000023c60000,0x0000000023d60000)]
  0x0000000022ded000 JavaThread "RMI TCP Accept-0" daemon [_thread_in_native, id=11492, stack(0x0000000023720000,0x0000000023820000)]
  0x00000000226b9800 JavaThread "Service Thread" daemon [_thread_blocked, id=19432, stack(0x0000000022ae0000,0x0000000022be0000)]
=>0x0000000022620800 JavaThread "C1 CompilerThread2" daemon [_thread_in_native, id=8528, stack(0x00000000229e0000,0x0000000022ae0000)]
  0x000000002261f000 JavaThread "C2 CompilerThread1" daemon [_thread_blocked, id=18100, stack(0x00000000228e0000,0x00000000229e0000)]
  0x000000002261c800 JavaThread "C2 CompilerThread0" daemon [_thread_blocked, id=8312, stack(0x00000000227e0000,0x00000000228e0000)]
  0x000000002257d800 JavaThread "Monitor Ctrl-Break" daemon [_thread_in_native, id=20896, stack(0x00000000226e0000,0x00000000227e0000)]
  0x0000000020c6d000 JavaThread "Attach Listener" daemon [_thread_blocked, id=15896, stack(0x00000000221e0000,0x00000000222e0000)]
  0x0000000020c6b800 JavaThread "Signal Dispatcher" daemon [_thread_blocked, id=20272, stack(0x00000000220e0000,0x00000000221e0000)]
  0x0000000020c4f800 JavaThread "Finalizer" daemon [_thread_blocked, id=17732, stack(0x0000000021ee0000,0x0000000021fe0000)]
  0x0000000002a67800 JavaThread "Reference Handler" daemon [_thread_blocked, id=18652, stack(0x0000000021de0000,0x0000000021ee0000)]
  0x0000000002977000 JavaThread "main" [_thread_blocked, id=19324, stack(0x00000000026f0000,0x00000000027f0000)]

Other Threads:
  0x0000000020c28000 VMThread [stack: 0x0000000021ce0000,0x0000000021de0000] [id=12836]
  0x0000000022df5800 WatcherThread [stack: 0x0000000023820000,0x0000000023920000] [id=16860]

VM state:not at safepoint (normal execution)

VM Mutex/Monitor currently owned by a thread: None

heap address: 0x0000000640000000, size: 6144 MB, Compressed Oops mode: Zero based, Oop shift amount: 3
Narrow klass base: 0x0000000000000000, Narrow klass shift: 3
Compressed class space size: 1073741824 Address: 0x00000007c0000000

Heap:
 PSYoungGen      total 207360K, used 144892K [0x0000000740000000, 0x0000000752700000, 0x00000007c0000000)
  eden space 190976K, 75% used [0x0000000740000000,0x0000000748d7f1c8,0x000000074ba80000)
  from space 16384K, 0% used [0x000000074ba80000,0x000000074ba80000,0x000000074ca80000)
  to   space 16896K, 0% used [0x0000000751680000,0x0000000751680000,0x0000000752700000)
 ParOldGen       total 207872K, used 19603K [0x0000000640000000, 0x000000064cb00000, 0x0000000740000000)
  object space 207872K, 9% used [0x0000000640000000,0x0000000641324e08,0x000000064cb00000)
 Metaspace       used 45504K, capacity 48114K, committed 48384K, reserved 1091584K
  class space    used 6340K, capacity 6842K, committed 6912K, reserved 1048576K

Card table byte_map: [0x0000000011e30000,0x0000000012a40000] byte_map_base: 0x000000000ec30000

Marking Bits: (ParMarkBitMap*) 0x000000005b224ce0
 Begin Bits: [0x0000000013640000, 0x0000000019640000)
 End Bits:   [0x0000000019640000, 0x000000001f640000)

Polling page: 0x00000000025b0000

CodeCache: size=245760Kb used=7500Kb max_used=7500Kb free=238259Kb
 bounds [0x0000000002a70000, 0x00000000031d0000, 0x0000000011a70000]
 total_blobs=4327 nmethods=3792 adapters=448
 compilation: enabled

Compilation events (10 events):
Event: 6.970 Thread 0x0000000022620800 nmethod 3788 0x00000000031c1f90 code [0x00000000031c20e0, 0x00000000031c2210]
Event: 6.970 Thread 0x0000000022620800 3789       1       sun.reflect.generics.repository.ClassRepository::getSuperclass (40 bytes)
Event: 6.970 Thread 0x0000000022620800 nmethod 3789 0x00000000031c2290 code [0x00000000031c2400, 0x00000000031c2648]
Event: 6.973 Thread 0x0000000022620800 3790       1       org.springframework.core.convert.TypeDescriptor::isMap (10 bytes)
Event: 6.973 Thread 0x0000000022620800 nmethod 3790 0x00000000031c2790 code [0x00000000031c28e0, 0x00000000031c2a28]
Event: 6.982 Thread 0x0000000022620800 3791       1       org.springframework.beans.factory.support.AbstractBeanDefinition::setSynthetic (6 bytes)
Event: 6.983 Thread 0x0000000022620800 nmethod 3791 0x00000000031c2ad0 code [0x00000000031c2c20, 0x00000000031c2d30]
Event: 6.989 Thread 0x0000000022620800 3792       1       org.springframework.core.convert.support.GenericConversionService$ConverterCacheKey::hashCode (19 bytes)
Event: 6.989 Thread 0x0000000022620800 nmethod 3792 0x00000000031c2d90 code [0x00000000031c2f00, 0x00000000031c3098]
Event: 7.014 Thread 0x0000000022620800 3793   !   1       sun.misc.ProxyGenerator::generateClassFile (680 bytes)

GC Heap History (10 events):
Event: 2.534 GC heap before
{Heap before GC invocations=3 (full 0):
 PSYoungGen      total 114688K, used 25701K [0x0000000740000000, 0x000000074e000000, 0x00000007c0000000)
  eden space 98304K, 14% used [0x0000000740000000,0x0000000740dd2578,0x0000000746000000)
  from space 16384K, 70% used [0x0000000747000000,0x0000000747b47008,0x0000000748000000)
  to   space 16384K, 0% used [0x0000000746000000,0x0000000746000000,0x0000000747000000)
 ParOldGen       total 262144K, used 24K [0x0000000640000000, 0x0000000650000000, 0x0000000740000000)
  object space 262144K, 0% used [0x0000000640000000,0x0000000640006000,0x0000000650000000)
 Metaspace       used 20275K, capacity 21170K, committed 21296K, reserved 1067008K
  class space    used 2657K, capacity 2878K, committed 2944K, reserved 1048576K
Event: 2.542 GC heap after
Heap after GC invocations=3 (full 0):
 PSYoungGen      total 114688K, used 6304K [0x0000000740000000, 0x000000074e000000, 0x00000007c0000000)
  eden space 98304K, 0% used [0x0000000740000000,0x0000000740000000,0x0000000746000000)
  from space 16384K, 38% used [0x0000000746000000,0x0000000746628000,0x0000000747000000)
  to   space 16384K, 0% used [0x000000074d000000,0x000000074d000000,0x000000074e000000)
 ParOldGen       total 262144K, used 32K [0x0000000640000000, 0x0000000650000000, 0x0000000740000000)
  object space 262144K, 0% used [0x0000000640000000,0x0000000640008000,0x0000000650000000)
 Metaspace       used 20275K, capacity 21170K, committed 21296K, reserved 1067008K
  class space    used 2657K, capacity 2878K, committed 2944K, reserved 1048576K
}
Event: 2.542 GC heap before
{Heap before GC invocations=4 (full 1):
 PSYoungGen      total 114688K, used 6304K [0x0000000740000000, 0x000000074e000000, 0x00000007c0000000)
  eden space 98304K, 0% used [0x0000000740000000,0x0000000740000000,0x0000000746000000)
  from space 16384K, 38% used [0x0000000746000000,0x0000000746628000,0x0000000747000000)
  to   space 16384K, 0% used [0x000000074d000000,0x000000074d000000,0x000000074e000000)
 ParOldGen       total 262144K, used 32K [0x0000000640000000, 0x0000000650000000, 0x0000000740000000)
  object space 262144K, 0% used [0x0000000640000000,0x0000000640008000,0x0000000650000000)
 Metaspace       used 20275K, capacity 21170K, committed 21296K, reserved 1067008K
  class space    used 2657K, capacity 2878K, committed 2944K, reserved 1048576K
Event: 2.590 GC heap after
Heap after GC invocations=4 (full 1):
 PSYoungGen      total 114688K, used 0K [0x0000000740000000, 0x000000074e000000, 0x00000007c0000000)
  eden space 98304K, 0% used [0x0000000740000000,0x0000000740000000,0x0000000746000000)
  from space 16384K, 0% used [0x0000000746000000,0x0000000746000000,0x0000000747000000)
  to   space 16384K, 0% used [0x000000074d000000,0x000000074d000000,0x000000074e000000)
 ParOldGen       total 133120K, used 6206K [0x0000000640000000, 0x0000000648200000, 0x0000000740000000)
  object space 133120K, 4% used [0x0000000640000000,0x000000064060fb58,0x0000000648200000)
 Metaspace       used 20275K, capacity 21170K, committed 21296K, reserved 1067008K
  class space    used 2657K, capacity 2878K, committed 2944K, reserved 1048576K
}
Event: 3.682 GC heap before
{Heap before GC invocations=5 (full 1):
 PSYoungGen      total 114688K, used 98304K [0x0000000740000000, 0x000000074e000000, 0x00000007c0000000)
  eden space 98304K, 100% used [0x0000000740000000,0x0000000746000000,0x0000000746000000)
  from space 16384K, 0% used [0x0000000746000000,0x0000000746000000,0x0000000747000000)
  to   space 16384K, 0% used [0x000000074d000000,0x000000074d000000,0x000000074e000000)
 ParOldGen       total 133120K, used 6206K [0x0000000640000000, 0x0000000648200000, 0x0000000740000000)
  object space 133120K, 4% used [0x0000000640000000,0x000000064060fb58,0x0000000648200000)
 Metaspace       used 25604K, capacity 27196K, committed 27520K, reserved 1073152K
  class space    used 3528K, capacity 3860K, committed 3968K, reserved 1048576K
Event: 3.696 GC heap after
Heap after GC invocations=5 (full 1):
 PSYoungGen      total 175104K, used 10260K [0x0000000740000000, 0x000000074da80000, 0x00000007c0000000)
  eden space 164352K, 0% used [0x0000000740000000,0x0000000740000000,0x000000074a080000)
  from space 10752K, 95% used [0x000000074d000000,0x000000074da051c0,0x000000074da80000)
  to   space 16384K, 0% used [0x000000074ba80000,0x000000074ba80000,0x000000074ca80000)
 ParOldGen       total 133120K, used 6214K [0x0000000640000000, 0x0000000648200000, 0x0000000740000000)
  object space 133120K, 4% used [0x0000000640000000,0x0000000640611b58,0x0000000648200000)
 Metaspace       used 25604K, capacity 27196K, committed 27520K, reserved 1073152K
  class space    used 3528K, capacity 3860K, committed 3968K, reserved 1048576K
}
Event: 5.101 GC heap before
{Heap before GC invocations=6 (full 1):
 PSYoungGen      total 175104K, used 165415K [0x0000000740000000, 0x000000074da80000, 0x00000007c0000000)
  eden space 164352K, 94% used [0x0000000740000000,0x0000000749784da8,0x000000074a080000)
  from space 10752K, 95% used [0x000000074d000000,0x000000074da051c0,0x000000074da80000)
  to   space 16384K, 0% used [0x000000074ba80000,0x000000074ba80000,0x000000074ca80000)
 ParOldGen       total 133120K, used 6214K [0x0000000640000000, 0x0000000648200000, 0x0000000740000000)
  object space 133120K, 4% used [0x0000000640000000,0x0000000640611b58,0x0000000648200000)
 Metaspace       used 33214K, capacity 35464K, committed 35496K, reserved 1079296K
  class space    used 4424K, capacity 4834K, committed 4864K, reserved 1048576K
Event: 5.119 GC heap after
Heap after GC invocations=6 (full 1):
 PSYoungGen      total 207360K, used 15196K [0x0000000740000000, 0x0000000752700000, 0x00000007c0000000)
  eden space 190976K, 0% used [0x0000000740000000,0x0000000740000000,0x000000074ba80000)
  from space 16384K, 92% used [0x000000074ba80000,0x000000074c957218,0x000000074ca80000)
  to   space 16896K, 0% used [0x0000000751680000,0x0000000751680000,0x0000000752700000)
 ParOldGen       total 133120K, used 6230K [0x0000000640000000, 0x0000000648200000, 0x0000000740000000)
  object space 133120K, 4% used [0x0000000640000000,0x0000000640615b58,0x0000000648200000)
 Metaspace       used 33214K, capacity 35464K, committed 35496K, reserved 1079296K
  class space    used 4424K, capacity 4834K, committed 4864K, reserved 1048576K
}
Event: 5.119 GC heap before
{Heap before GC invocations=7 (full 2):
 PSYoungGen      total 207360K, used 15196K [0x0000000740000000, 0x0000000752700000, 0x00000007c0000000)
  eden space 190976K, 0% used [0x0000000740000000,0x0000000740000000,0x000000074ba80000)
  from space 16384K, 92% used [0x000000074ba80000,0x000000074c957218,0x000000074ca80000)
  to   space 16896K, 0% used [0x0000000751680000,0x0000000751680000,0x0000000752700000)
 ParOldGen       total 133120K, used 6230K [0x0000000640000000, 0x0000000648200000, 0x0000000740000000)
  object space 133120K, 4% used [0x0000000640000000,0x0000000640615b58,0x0000000648200000)
 Metaspace       used 33214K, capacity 35464K, committed 35496K, reserved 1079296K
  class space    used 4424K, capacity 4834K, committed 4864K, reserved 1048576K
Event: 5.223 GC heap after
Heap after GC invocations=7 (full 2):
 PSYoungGen      total 207360K, used 0K [0x0000000740000000, 0x0000000752700000, 0x00000007c0000000)
  eden space 190976K, 0% used [0x0000000740000000,0x0000000740000000,0x000000074ba80000)
  from space 16384K, 0% used [0x000000074ba80000,0x000000074ba80000,0x000000074ca80000)
  to   space 16896K, 0% used [0x0000000751680000,0x0000000751680000,0x0000000752700000)
 ParOldGen       total 207872K, used 19603K [0x0000000640000000, 0x000000064cb00000, 0x0000000740000000)
  object space 207872K, 9% used [0x0000000640000000,0x0000000641324e08,0x000000064cb00000)
 Metaspace       used 33214K, capacity 35464K, committed 35496K, reserved 1079296K
  class space    used 4424K, capacity 4834K, committed 4864K, reserved 1048576K
}

Deoptimization events (0 events):
No events

Classes redefined (0 events):
No events

Internal exceptions (10 events):
Event: 6.969 Thread 0x00000000230da800 Exception <a 'java/lang/ClassNotFoundException': org/springframework/beans/factory/config/PropertiesFactoryBeanCustomizer> (0x00000007487f0a08) thrown at [C:\re\workspace\8-2-build-windows-amd64-cygwin\jdk8u201\12322\hotspot\src\share\vm\classfile\systemD
Event: 6.969 Thread 0x00000000230da800 Exception <a 'java/lang/ArrayIndexOutOfBoundsException'> (0x00000007487f3b40) thrown at [C:\re\workspace\8-2-build-windows-amd64-cygwin\jdk8u201\12322\hotspot\src\share\vm\runtime\sharedRuntime.cpp, line 605]
Event: 6.969 Thread 0x00000000230da800 Exception <a 'java/lang/ArrayIndexOutOfBoundsException'> (0x00000007487f6380) thrown at [C:\re\workspace\8-2-build-windows-amd64-cygwin\jdk8u201\12322\hotspot\src\share\vm\runtime\sharedRuntime.cpp, line 605]
Event: 6.970 Thread 0x00000000230da800 Exception <a 'java/lang/ClassNotFoundException': org/springframework/beans/factory/FactoryBeanCustomizer> (0x000000074881ddd0) thrown at [C:\re\workspace\8-2-build-windows-amd64-cygwin\jdk8u201\12322\hotspot\src\share\vm\classfile\systemDictionary.cpp, li
Event: 6.971 Thread 0x00000000230da800 Exception <a 'java/lang/ClassNotFoundException': org/springframework/beans/factory/InitializingBeanCustomizer> (0x0000000748838ac0) thrown at [C:\re\workspace\8-2-build-windows-amd64-cygwin\jdk8u201\12322\hotspot\src\share\vm\classfile\systemDictionary.cp
Event: 6.973 Thread 0x00000000230da800 Exception <a 'java/lang/ArrayIndexOutOfBoundsException'> (0x0000000748851d80) thrown at [C:\re\workspace\8-2-build-windows-amd64-cygwin\jdk8u201\12322\hotspot\src\share\vm\runtime\sharedRuntime.cpp, line 605]
Event: 6.973 Thread 0x00000000230da800 Exception <a 'java/lang/ArrayIndexOutOfBoundsException'> (0x0000000748854078) thrown at [C:\re\workspace\8-2-build-windows-amd64-cygwin\jdk8u201\12322\hotspot\src\share\vm\runtime\sharedRuntime.cpp, line 605]
Event: 6.975 Thread 0x00000000230da800 Exception <a 'java/lang/ArrayIndexOutOfBoundsException'> (0x0000000748871330) thrown at [C:\re\workspace\8-2-build-windows-amd64-cygwin\jdk8u201\12322\hotspot\src\share\vm\runtime\sharedRuntime.cpp, line 605]
Event: 6.975 Thread 0x00000000230da800 Exception <a 'java/lang/ArrayIndexOutOfBoundsException'> (0x00000007488741b8) thrown at [C:\re\workspace\8-2-build-windows-amd64-cygwin\jdk8u201\12322\hotspot\src\share\vm\runtime\sharedRuntime.cpp, line 605]
Event: 6.982 Thread 0x00000000230da800 Exception <a 'java/lang/ArrayIndexOutOfBoundsException'> (0x00000007488d1f08) thrown at [C:\re\workspace\8-2-build-windows-amd64-cygwin\jdk8u201\12322\hotspot\src\share\vm\runtime\sharedRuntime.cpp, line 605]

Events (10 events):
Event: 7.011 loading class javax/persistence/EntityTransaction
Event: 7.011 loading class javax/persistence/EntityTransaction done
Event: 7.011 loading class org/hibernate/jdbc/Work
Event: 7.011 loading class org/hibernate/jdbc/Work done
Event: 7.011 loading class org/hibernate/Criteria
Event: 7.011 loading class org/hibernate/Criteria done
Event: 7.012 loading class org/hibernate/criterion/CriteriaSpecification
Event: 7.012 loading class org/hibernate/criterion/CriteriaSpecification done
Event: 7.012 loading class javax/persistence/LockModeType
Event: 7.012 loading class javax/persistence/LockModeType done


Dynamic libraries:
0x00007ff747db0000 - 0x00007ff747de7000 	C:\Program Files\Java\jdk1.8.0_201\bin\java.exe
0x00007ffbd7090000 - 0x00007ffbd7285000 	C:\WINDOWS\SYSTEM32\ntdll.dll
0x00007ffbd68f0000 - 0x00007ffbd69ae000 	C:\WINDOWS\System32\KERNEL32.DLL
0x00007ffbd4b50000 - 0x00007ffbd4e18000 	C:\WINDOWS\System32\KERNELBASE.dll
0x00007ffbd5630000 - 0x00007ffbd56dc000 	C:\WINDOWS\System32\ADVAPI32.dll
0x00007ffbd5900000 - 0x00007ffbd599e000 	C:\WINDOWS\System32\msvcrt.dll
0x00007ffbd5cc0000 - 0x00007ffbd5d5b000 	C:\WINDOWS\System32\sechost.dll
0x00007ffbd59a0000 - 0x00007ffbd5aca000 	C:\WINDOWS\System32\RPCRT4.dll
0x00007ffbd56e0000 - 0x00007ffbd5881000 	C:\WINDOWS\System32\USER32.dll
0x00007ffbd4b20000 - 0x00007ffbd4b42000 	C:\WINDOWS\System32\win32u.dll
0x00007ffbd6ba0000 - 0x00007ffbd6bcb000 	C:\WINDOWS\System32\GDI32.dll
0x00007ffbd4fd0000 - 0x00007ffbd50db000 	C:\WINDOWS\System32\gdi32full.dll
0x00007ffbd47b0000 - 0x00007ffbd484d000 	C:\WINDOWS\System32\msvcp_win.dll
0x00007ffbd4ed0000 - 0x00007ffbd4fd0000 	C:\WINDOWS\System32\ucrtbase.dll
0x00007ffbb98d0000 - 0x00007ffbb9b6a000 	C:\WINDOWS\WinSxS\amd64_microsoft.windows.common-controls_6595b64144ccf1df_6.0.19041.1110_none_60b5254171f9507e\COMCTL32.dll
0x00007ffbd69b0000 - 0x00007ffbd69e0000 	C:\WINDOWS\System32\IMM32.DLL
0x000000005ce80000 - 0x000000005cf51000 	C:\Program Files\Java\jdk1.8.0_201\jre\bin\msvcr100.dll
0x000000005aa00000 - 0x000000005b2a4000 	C:\Program Files\Java\jdk1.8.0_201\jre\bin\server\jvm.dll
0x00007ffbd69e0000 - 0x00007ffbd69e8000 	C:\WINDOWS\System32\PSAPI.DLL
0x00007ffbc91d0000 - 0x00007ffbc91f7000 	C:\WINDOWS\SYSTEM32\WINMM.dll
0x00007ffbcb670000 - 0x00007ffbcb67a000 	C:\WINDOWS\SYSTEM32\VERSION.dll
0x00007ffbbf160000 - 0x00007ffbbf169000 	C:\WINDOWS\SYSTEM32\WSOCK32.dll
0x00007ffbd5890000 - 0x00007ffbd58fb000 	C:\WINDOWS\System32\WS2_32.dll
0x00007ffbd05d0000 - 0x00007ffbd05df000 	C:\Program Files\Java\jdk1.8.0_201\jre\bin\verify.dll
0x00007ffbd0220000 - 0x00007ffbd0249000 	C:\Program Files\Java\jdk1.8.0_201\jre\bin\java.dll
0x00007ffbc9ba0000 - 0x00007ffbc9bc3000 	C:\Program Files\Java\jdk1.8.0_201\jre\bin\instrument.dll
0x00007ffbcfd50000 - 0x00007ffbcfd66000 	C:\Program Files\Java\jdk1.8.0_201\jre\bin\zip.dll
0x00007ffbd60d0000 - 0x00007ffbd680f000 	C:\WINDOWS\System32\SHELL32.dll
0x00007ffbd2870000 - 0x00007ffbd3000000 	C:\WINDOWS\SYSTEM32\windows.storage.dll
0x00007ffbd5d60000 - 0x00007ffbd60b5000 	C:\WINDOWS\System32\combase.dll
0x00007ffbd4050000 - 0x00007ffbd407e000 	C:\WINDOWS\SYSTEM32\Wldp.dll
0x00007ffbd5520000 - 0x00007ffbd55cd000 	C:\WINDOWS\System32\SHCORE.dll
0x00007ffbd6830000 - 0x00007ffbd6885000 	C:\WINDOWS\System32\shlwapi.dll
0x00007ffbd46f0000 - 0x00007ffbd470f000 	C:\WINDOWS\SYSTEM32\profapi.dll
0x00007ffbc27d0000 - 0x00007ffbc27ea000 	E:\Ortamlar\intellij-idea-u\bin\breakgen64.dll
0x00007ffbcc840000 - 0x00007ffbcc85a000 	C:\Program Files\Java\jdk1.8.0_201\jre\bin\net.dll
0x00007ffbc8fe0000 - 0x00007ffbc91cb000 	C:\WINDOWS\SYSTEM32\urlmon.dll
0x00007ffbc5980000 - 0x00007ffbc5c30000 	C:\WINDOWS\SYSTEM32\iertutil.dll
0x00007ffbc9560000 - 0x00007ffbc9588000 	C:\WINDOWS\SYSTEM32\srvcli.dll
0x00007ffbd3c50000 - 0x00007ffbd3c5c000 	C:\WINDOWS\SYSTEM32\netutils.dll
0x00007ffbd3e30000 - 0x00007ffbd3e9a000 	C:\WINDOWS\system32\mswsock.dll
0x00007ffbd3b80000 - 0x00007ffbd3c4b000 	C:\WINDOWS\SYSTEM32\DNSAPI.dll
0x00007ffbd3b40000 - 0x00007ffbd3b7b000 	C:\WINDOWS\SYSTEM32\IPHLPAPI.DLL
0x00007ffbd6b00000 - 0x00007ffbd6b08000 	C:\WINDOWS\System32\NSI.dll
0x00007ffbcb8e0000 - 0x00007ffbcb8ea000 	C:\Windows\System32\rasadhlp.dll
0x00007ffbcc5a0000 - 0x00007ffbcc61f000 	C:\WINDOWS\System32\fwpuclnt.dll
0x00007ffbd49b0000 - 0x00007ffbd49d7000 	C:\WINDOWS\System32\bcrypt.dll
0x00007ffbc9b60000 - 0x00007ffbc9b6d000 	C:\Program Files\Java\jdk1.8.0_201\jre\bin\management.dll
0x00007ffbc2a50000 - 0x00007ffbc2a61000 	C:\Program Files\Java\jdk1.8.0_201\jre\bin\nio.dll
0x00007ffbd43f0000 - 0x00007ffbd4408000 	C:\WINDOWS\SYSTEM32\CRYPTSP.dll
0x00007ffbd37d0000 - 0x00007ffbd3804000 	C:\WINDOWS\system32\rsaenh.dll
0x00007ffbd4670000 - 0x00007ffbd469e000 	C:\WINDOWS\SYSTEM32\USERENV.dll
0x00007ffbd4a30000 - 0x00007ffbd4ab3000 	C:\WINDOWS\System32\bcryptprimitives.dll
0x00007ffbd3fc0000 - 0x00007ffbd3fcc000 	C:\WINDOWS\SYSTEM32\CRYPTBASE.dll
0x00007ffbcde80000 - 0x00007ffbcde97000 	C:\WINDOWS\SYSTEM32\dhcpcsvc6.DLL
0x00007ffbcddd0000 - 0x00007ffbcdded000 	C:\WINDOWS\SYSTEM32\dhcpcsvc.DLL
0x00007ffbba0b0000 - 0x00007ffbba0c7000 	C:\WINDOWS\system32\napinsp.dll
0x00007ffbb9f60000 - 0x00007ffbb9f7b000 	C:\WINDOWS\system32\pnrpnsp.dll
0x00007ffbb9f40000 - 0x00007ffbb9f55000 	C:\WINDOWS\system32\wshbth.dll
0x00007ffbd0300000 - 0x00007ffbd031d000 	C:\WINDOWS\system32\NLAapi.dll
0x00007ffbb9e60000 - 0x00007ffbb9e72000 	C:\WINDOWS\System32\winrnr.dll
0x00007ffbc26d0000 - 0x00007ffbc26f4000 	C:\Program Files\Java\jdk1.8.0_201\jre\bin\sunec.dll
0x00007ffbc3410000 - 0x00007ffbc341b000 	C:\Program Files\Java\jdk1.8.0_201\jre\bin\sunmscapi.dll
0x00007ffbd4850000 - 0x00007ffbd49a6000 	C:\WINDOWS\System32\CRYPT32.dll

VM Arguments:
jvm_args: -XX:TieredStopAtLevel=1 -Xverify:none -Dspring.output.ansi.enabled=always -javaagent:E:\Ortamlar\intellij-idea-u\lib\idea_rt.jar=60852:E:\Ortamlar\intellij-idea-u\bin -Dcom.sun.management.jmxremote -Dspring.jmx.enabled=true -Dspring.liveBeansView.mbeanDomain -Dspring.application.admin.enabled=true -Dfile.encoding=UTF-8 
java_command: tr.com.hkerembagci.contactsoperations.ContactsOperationsApplication
java_class_path (initial): C:\Program Files\Java\jdk1.8.0_201\jre\lib\charsets.jar;C:\Program Files\Java\jdk1.8.0_201\jre\lib\deploy.jar;C:\Program Files\Java\jdk1.8.0_201\jre\lib\ext\access-bridge-64.jar;C:\Program Files\Java\jdk1.8.0_201\jre\lib\ext\cldrdata.jar;C:\Program Files\Java\jdk1.8.0_201\jre\lib\ext\dnsns.jar;C:\Program Files\Java\jdk1.8.0_201\jre\lib\ext\jaccess.jar;C:\Program Files\Java\jdk1.8.0_201\jre\lib\ext\jfxrt.jar;C:\Program Files\Java\jdk1.8.0_201\jre\lib\ext\localedata.jar;C:\Program Files\Java\jdk1.8.0_201\jre\lib\ext\nashorn.jar;C:\Program Files\Java\jdk1.8.0_201\jre\lib\ext\sunec.jar;C:\Program Files\Java\jdk1.8.0_201\jre\lib\ext\sunjce_provider.jar;C:\Program Files\Java\jdk1.8.0_201\jre\lib\ext\sunmscapi.jar;C:\Program Files\Java\jdk1.8.0_201\jre\lib\ext\sunpkcs11.jar;C:\Program Files\Java\jdk1.8.0_201\jre\lib\ext\zipfs.jar;C:\Program Files\Java\jdk1.8.0_201\jre\lib\javaws.jar;C:\Program Files\Java\jdk1.8.0_201\jre\lib\jce.jar;C:\Program Files\Java\jdk1.8.0_201\jre\lib\jfr.jar;C:\Program Files\Java\jdk1.8.0_201\jre\lib\jfxswt.jar;C:\Program Files\Java\jdk1.8.0_201\jre\lib\jsse.jar;C:\Program Files\Java\jdk1.8.0_201\jre\lib\management-agent.jar;C:\Program Files\Java\jdk1.8.0_201\jre\lib\plugin.jar;C:\Program Files\Java\jdk1.8.0_201\jre\lib\resources.jar;C:\Program Files\Java\jdk1.8.0_201\jre\lib\rt.jar;E:\Ortamlar\int_workspace\contacts-operations\target\classes;C:\Users\Alavgan\.m2\repository\org\springframework\boot\spring-boot-starter-web\2.6.0\spring-boot-starter-web-2.6.0.jar;C:\Users\Alavgan\.m2\repository\org\springframework\boot\spring-boot-starter\2.6.0\spring-boot-starter-2.6.0.jar;C:\Users\Alavgan\.m2\repository\org\springframework\boot\spring-boot-starter-logging\2.6.0\spring-boot-starter-logging-2.6.0.jar;C:\Users\Alavgan\.m2\repository\ch\qos\logback\logback-classic\1.2.7\logback-classic-1.2.7.jar;C:\Users\Alavgan\.m2\repository\ch\qos\logback\logback-core\1.2.7\logback-core-1.2.7.jar;C:\Users\Alavgan\.m2\repository\org\apach
Launcher Type: SUN_STANDARD

Environment Variables:
JAVA_HOME=C:\Program Files\Java\jdk1.8.0_201
PATH=C:\Python310\Scripts\;C:\Python310\;C:\ProgramData\Oracle\Java\javapath;C:\Windows\system32;C:\Windows;C:\Windows\System32\Wbem;C:\Windows\System32\WindowsPowerShell\v1.0\;C:\Program Files (x86)\NVIDIA Corporation\PhysX\Common;C:\Program Files (x86)\GtkSharp\2.12\bin;C:\adb;C:\Program Files\Microsoft Network Monitor 3\;C:\Program Files\Java\jdk1.8.0_201\bin;C:\WINDOWS\system32;C:\WINDOWS;C:\WINDOWS\System32\Wbem;C:\WINDOWS\System32\WindowsPowerShell\v1.0\;C:\Program Files\PostgreSQL\11\bin;H:\Gerekli veya Muhtelif Dosyalar\Dosyalar\apache-maven-3.6.0\bin;C:\WINDOWS\System32\OpenSSH\;H:\Dizinler\K\apache-cxf-2.7.9\lib;C:\Program Files\Git\cmd;C:\Program Files\nodejs\;C:\ProgramData\chocolatey\bin;;C:\Program Files\Docker\Docker\resources\bin;C:\ProgramData\DockerDesktop\version-bin;C:\Users\Alavgan\AppData\Local\Microsoft\WindowsApps;C:\Users\Alavgan\AppData\Roaming\npm;E:\Ortamlar\Microsoft VS Code\bin
USERNAME=Alavgan
OS=Windows_NT
PROCESSOR_IDENTIFIER=AMD64 Family 16 Model 4 Stepping 3, AuthenticAMD



---------------  S Y S T E M  ---------------

OS: Windows 10.0 , 64 bit Build 19041 (10.0.19041.1348)

CPU:total 4 (initial active 4) (4 cores per cpu, 1 threads per core) family 16 model 4 stepping 3, cmov, cx8, fxsr, mmx, sse, sse2, sse3, popcnt, mmxext, 3dnowpref, lzcnt, sse4a, tsc, tscinvbit, tscinv

Memory: 4k page, physical 25162996k(3866468k free), swap 25162996k(6068k free)

vm_info: Java HotSpot(TM) 64-Bit Server VM (25.201-b09) for windows-amd64 JRE (1.8.0_201-b09), built on Dec 15 2018 18:36:39 by "java_re" with MS VC++ 10.0 (VS2010)

time: Sun Nov 28 23:15:07 2021
timezone: Russia TZ 2 Standard Time
elapsed time: 7 seconds (0d 0h 0m 7s)

