#
# There is insufficient memory for the Java Runtime Environment to continue.
# Native memory allocation (mmap) failed to map 65536 bytes for Failed to commit area from 0x00000238cddb0000 to 0x00000238cddc0000 of length 65536.
# Possible reasons:
#   The system is out of physical RAM or swap space
#   The process is running with CompressedOops enabled, and the Java Heap may be blocking the growth of the native heap
# Possible solutions:
#   Reduce memory load on the system
#   Increase physical memory or swap space
#   Check if swap backing store is full
#   Decrease Java heap size (-Xmx/-Xms)
#   Decrease number of Java threads
#   Decrease Java thread stack sizes (-Xss)
#   Set larger code cache with -XX:ReservedCodeCacheSize=
# This output file may be truncated or incomplete.
#
#  Out of Memory Error (./src/hotspot/os/windows/os_windows.cpp:3521), pid=15820, tid=19372
#
# JRE version:  (11.0.12+7) (build )
# Java VM: OpenJDK 64-Bit Server VM (11.0.12+7-b1504.40, mixed mode, sharing, tiered, compressed oops, g1 gc, windows-amd64)
# No core dump will be written. Minidumps are not enabled by default on client versions of Windows
#

---------------  S U M M A R Y ------------

Command Line: git4idea.http.GitAskPassApp Username for 'https://github.com': 

Host: AMD Phenom(tm) II X4 965 Processor, 4 cores, 23G,  Windows 10 , 64 bit Build 19041 (10.0.19041.1348)
Time: Sun Nov 28 23:15:07 2021 Russia TZ 2 Standard Time elapsed time: 0.019745 seconds (0d 0h 0m 0s)

---------------  T H R E A D  ---------------

Current thread (0x00000238b8a1a000):  JavaThread "Unknown thread" [_thread_in_vm, id=19372, stack(0x000000caa8800000,0x000000caa8900000)]

Stack: [0x000000caa8800000,0x000000caa8900000]
Native frames: (J=compiled Java code, j=interpreted, Vv=VM code, C=native code)
V  [jvm.dll+0x5ff40a]
V  [jvm.dll+0x783b65]
V  [jvm.dll+0x78517d]
V  [jvm.dll+0x785833]
V  [jvm.dll+0x249408]
V  [jvm.dll+0x5fc7f4]
V  [jvm.dll+0x5f13c5]
V  [jvm.dll+0x3076bb]
V  [jvm.dll+0x30762a]
V  [jvm.dll+0x307502]
V  [jvm.dll+0x30c575]
V  [jvm.dll+0x355555]
V  [jvm.dll+0x355c46]
V  [jvm.dll+0x355643]
V  [jvm.dll+0x2e2018]
V  [jvm.dll+0x2e31c7]
V  [jvm.dll+0x761f57]
V  [jvm.dll+0x76374c]
V  [jvm.dll+0x362ab9]
V  [jvm.dll+0x7455be]
V  [jvm.dll+0x3cb673]
V  [jvm.dll+0x3cda21]
C  [jli.dll+0x536b]
C  [ucrtbase.dll+0x21bb2]
C  [KERNEL32.DLL+0x17034]
C  [ntdll.dll+0x52651]


---------------  P R O C E S S  ---------------

Threads class SMR info:
_java_thread_list=0x00000238b674ff10, length=0, elements={
}

Java Threads: ( => current thread )

Other Threads:
  0x00000238b8a31800 GCTaskThread "GC Thread#0" [stack: 0x000000caa8900000,0x000000caa8a00000] [id=20760]
  0x00000238b8aba000 ConcurrentGCThread "G1 Main Marker" [stack: 0x000000caa8a00000,0x000000caa8b00000] [id=18708]
  0x00000238b8abb800 ConcurrentGCThread "G1 Conc#0" [stack: 0x000000caa8b00000,0x000000caa8c00000] [id=20580]

[error occurred during error reporting (printing all threads), id 0xc0000005, EXCEPTION_ACCESS_VIOLATION (0xc0000005) at pc=0x00007ffb7a2727a7]

VM state:not at safepoint (not fully initialized)

VM Mutex/Monitor currently owned by a thread:  ([mutex/lock_event])
[0x00000238b8a189b0] Heap_lock - owner thread: 0x00000238b8a1a000

Heap address: 0x0000000680000000, size: 6144 MB, Compressed Oops mode: Non-zero based: 0x0000000680000000
Narrow klass base: 0x0000000000000000, Narrow klass shift: 0

GC Heap History (0 events):
No events

Deoptimization events (0 events):
No events

Classes redefined (0 events):
No events

Internal exceptions (0 events):
No events

Events (1 events):
Event: 0.011 Loaded shared library E:\Ortamlar\intellij-idea-u\jbr\bin\zip.dll


Dynamic libraries:
0x00007ff77f7c0000 - 0x00007ff77f7ca000 	E:\Ortamlar\intellij-idea-u\jbr\bin\java.exe
0x00007ffbd7090000 - 0x00007ffbd7285000 	C:\WINDOWS\SYSTEM32\ntdll.dll
0x00007ffbd68f0000 - 0x00007ffbd69ae000 	C:\WINDOWS\System32\KERNEL32.DLL
0x00007ffbd4b50000 - 0x00007ffbd4e18000 	C:\WINDOWS\System32\KERNELBASE.dll
0x00007ffbd4ed0000 - 0x00007ffbd4fd0000 	C:\WINDOWS\System32\ucrtbase.dll
0x00007ffbbfd50000 - 0x00007ffbbfd69000 	E:\Ortamlar\intellij-idea-u\jbr\bin\jli.dll
0x00007ffbd0490000 - 0x00007ffbd04a7000 	E:\Ortamlar\intellij-idea-u\jbr\bin\VCRUNTIME140.dll
0x00007ffbd56e0000 - 0x00007ffbd5881000 	C:\WINDOWS\System32\USER32.dll
0x00007ffbd4b20000 - 0x00007ffbd4b42000 	C:\WINDOWS\System32\win32u.dll
0x00007ffbd6ba0000 - 0x00007ffbd6bcb000 	C:\WINDOWS\System32\GDI32.dll
0x00007ffbd4fd0000 - 0x00007ffbd50db000 	C:\WINDOWS\System32\gdi32full.dll
0x00007ffbd47b0000 - 0x00007ffbd484d000 	C:\WINDOWS\System32\msvcp_win.dll
0x00007ffbb98d0000 - 0x00007ffbb9b6a000 	C:\WINDOWS\WinSxS\amd64_microsoft.windows.common-controls_6595b64144ccf1df_6.0.19041.1110_none_60b5254171f9507e\COMCTL32.dll
0x00007ffbd5900000 - 0x00007ffbd599e000 	C:\WINDOWS\System32\msvcrt.dll
0x00007ffbd69b0000 - 0x00007ffbd69e0000 	C:\WINDOWS\System32\IMM32.DLL
0x00007ffb8a4b0000 - 0x00007ffb8a54d000 	E:\Ortamlar\intellij-idea-u\jbr\bin\msvcp140.dll
0x00007ffb79f80000 - 0x00007ffb7aad8000 	E:\Ortamlar\intellij-idea-u\jbr\bin\server\jvm.dll
0x00007ffbd5630000 - 0x00007ffbd56dc000 	C:\WINDOWS\System32\ADVAPI32.dll
0x00007ffbd5cc0000 - 0x00007ffbd5d5b000 	C:\WINDOWS\System32\sechost.dll
0x00007ffbd59a0000 - 0x00007ffbd5aca000 	C:\WINDOWS\System32\RPCRT4.dll
0x00007ffbd69e0000 - 0x00007ffbd69e8000 	C:\WINDOWS\System32\PSAPI.DLL
0x00007ffbbf160000 - 0x00007ffbbf169000 	C:\WINDOWS\SYSTEM32\WSOCK32.dll
0x00007ffbd5890000 - 0x00007ffbd58fb000 	C:\WINDOWS\System32\WS2_32.dll
0x00007ffbc91d0000 - 0x00007ffbc91f7000 	C:\WINDOWS\SYSTEM32\WINMM.dll
0x00007ffbcb670000 - 0x00007ffbcb67a000 	C:\WINDOWS\SYSTEM32\VERSION.dll
0x00007ffbd2670000 - 0x00007ffbd2682000 	C:\WINDOWS\SYSTEM32\kernel.appcore.dll
0x00007ffbbedc0000 - 0x00007ffbbedd1000 	E:\Ortamlar\intellij-idea-u\jbr\bin\verify.dll
0x00007ffbbede0000 - 0x00007ffbbefc4000 	C:\WINDOWS\SYSTEM32\DBGHELP.DLL
0x00007ffbbe190000 - 0x00007ffbbe1bc000 	C:\WINDOWS\SYSTEM32\dbgcore.DLL
0x00007ffbd4a30000 - 0x00007ffbd4ab3000 	C:\WINDOWS\System32\bcryptPrimitives.dll
0x00007ffbbd1d0000 - 0x00007ffbbd1f9000 	E:\Ortamlar\intellij-idea-u\jbr\bin\java.dll
0x00007ffbc3090000 - 0x00007ffbc309b000 	E:\Ortamlar\intellij-idea-u\jbr\bin\jimage.dll
0x00007ffbb69a0000 - 0x00007ffbb69b8000 	E:\Ortamlar\intellij-idea-u\jbr\bin\zip.dll

dbghelp: loaded successfully - version: 4.0.5 - missing functions: none
symbol engine: initialized successfully - sym options: 0x614 - pdb path: .;E:\Ortamlar\intellij-idea-u\jbr\bin;C:\WINDOWS\SYSTEM32;C:\WINDOWS\WinSxS\amd64_microsoft.windows.common-controls_6595b64144ccf1df_6.0.19041.1110_none_60b5254171f9507e;E:\Ortamlar\intellij-idea-u\jbr\bin\server

VM Arguments:
java_command: git4idea.http.GitAskPassApp Username for 'https://github.com': 
java_class_path (initial): E:/Ortamlar/intellij-idea-u/plugins/git4idea/lib/git4idea-rt.jar;E:/Ortamlar/intellij-idea-u/lib/3rd-party.jar
Launcher Type: SUN_STANDARD

[Global flags]
     intx CICompilerCount                          = 3                                         {product} {ergonomic}
     uint ConcGCThreads                            = 1                                         {product} {ergonomic}
     uint G1ConcRefinementThreads                  = 4                                         {product} {ergonomic}
   size_t G1HeapRegionSize                         = 1048576                                   {product} {ergonomic}
    uintx GCDrainStackTargetSize                   = 64                                        {product} {ergonomic}
   size_t InitialHeapSize                          = 402653184                                 {product} {ergonomic}
   size_t MarkStackSize                            = 4194304                                   {product} {ergonomic}
   size_t MaxHeapSize                              = 6442450944                                {product} {ergonomic}
   size_t MinHeapDeltaBytes                        = 1048576                                   {product} {ergonomic}
    uintx NonNMethodCodeHeapSize                   = 5830732                                {pd product} {ergonomic}
    uintx NonProfiledCodeHeapSize                  = 122913754                              {pd product} {ergonomic}
    uintx ProfiledCodeHeapSize                     = 122913754                              {pd product} {ergonomic}
    uintx ReservedCodeCacheSize                    = 251658240                              {pd product} {ergonomic}
     bool SegmentedCodeCache                       = true                                      {product} {ergonomic}
     bool UseCompressedClassPointers               = true                                 {lp64_product} {ergonomic}
     bool UseCompressedOops                        = true                                 {lp64_product} {ergonomic}
     bool UseG1GC                                  = true                                      {product} {ergonomic}
     bool UseLargePagesIndividualAllocation        = false                                  {pd product} {ergonomic}

Logging:
Log output configuration:
 #0: stdout all=warning uptime,level,tags
 #1: stderr all=off uptime,level,tags

Environment Variables:
JAVA_HOME=C:\Program Files\Java\jdk1.8.0_201
PATH=C:\Program Files\Git\mingw64\libexec\git-core;C:\Program Files\Git\mingw64\libexec\git-core;C:\Program Files\Git\mingw64\bin;C:\Program Files\Git\usr\bin;C:\Users\Alavgan\bin;C:\Python310\Scripts;C:\Python310;C:\ProgramData\Oracle\Java\javapath;C:\Windows\system32;C:\Windows;C:\Windows\System32\Wbem;C:\Windows\System32\WindowsPowerShell\v1.0;C:\Program Files (x86)\NVIDIA Corporation\PhysX\Common;C:\Program Files (x86)\GtkSharp\2.12\bin;C:\adb;C:\Program Files\Microsoft Network Monitor 3;C:\Program Files\Java\jdk1.8.0_201\bin;C:\WINDOWS\system32;C:\WINDOWS;C:\WINDOWS\System32\Wbem;C:\WINDOWS\System32\WindowsPowerShell\v1.0;C:\Program Files\PostgreSQL\11\bin;H:\Gerekli veya Muhtelif Dosyalar\Dosyalar\apache-maven-3.6.0\bin;C:\WINDOWS\System32\OpenSSH;H:\Dizinler\K\apache-cxf-2.7.9\lib;C:\Program Files\Git\cmd;C:\Program Files\nodejs;C:\ProgramData\chocolatey\bin;C:\Program Files\Docker\Docker\resources\bin;C:\ProgramData\DockerDesktop\version-bin;C:\Users\Alavgan\AppData\Local\Microsoft\WindowsApps;C:\Users\Alavgan\AppData\Roaming\npm;E:\Ortamlar\Microsoft VS Code\bin
USERNAME=Alavgan
DISPLAY=:0.0
LC_ALL=en_US.UTF-8
OS=Windows_NT
PROCESSOR_IDENTIFIER=AMD64 Family 16 Model 4 Stepping 3, AuthenticAMD



---------------  S Y S T E M  ---------------

OS: Windows 10 , 64 bit Build 19041 (10.0.19041.1348)
OS uptime: 1 days 5:06 hours
Hyper-V role detected

CPU:total 4 (initial active 4) (4 cores per cpu, 1 threads per core) family 16 model 4 stepping 3 microcode 0x0, cmov, cx8, fxsr, mmx, sse, sse2, sse3, popcnt, mmxext, 3dnowpref, lzcnt, sse4a, tsc, tscinvbit, tscinv

Memory: 4k page, system-wide physical 24573M (3774M free)
TotalPageFile size 24573M (AvailPageFile size 5M)
current process WorkingSet (physical memory assigned to process): 10M, peak: 10M
current process commit charge ("private bytes"): 440M, peak: 440M

vm_info: OpenJDK 64-Bit Server VM (11.0.12+7-b1504.40) for windows-amd64 JRE (11.0.12+7-b1504.40), built on Sep 23 2021 14:38:03 by "" with MS VC++ 14.0 (VS2015)

END.
